
*** Running vivado
    with args -log chacha.vdi -applog -m64 -product Vivado -messageDb vivado.pb -mode batch -source chacha.tcl -notrace


****** Vivado v2018.3 (64-bit)
  **** SW Build 2405991 on Thu Dec  6 23:38:27 MST 2018
  **** IP Build 2404404 on Fri Dec  7 01:43:56 MST 2018
    ** Copyright 1986-2018 Xilinx, Inc. All Rights Reserved.

source chacha.tcl -notrace
Command: link_design -top chacha -part xc7z020clg484-1
Design is defaulting to srcset: sources_1
Design is defaulting to constrset: constrs_1
INFO: [Netlist 29-17] Analyzing 216 Unisim elements for replacement
INFO: [Netlist 29-28] Unisim Transformation completed in 0 CPU seconds
INFO: [Project 1-479] Netlist was created with Vivado 2018.3
INFO: [Device 21-403] Loading part xc7z020clg484-1
INFO: [Project 1-570] Preparing netlist for logic optimization
Parsing XDC File [C:/Users/utkar/Documents/ISE/Vivado/chacha1/chacha1.srcs/constrs_1/new/clock1.xdc]
Finished Parsing XDC File [C:/Users/utkar/Documents/ISE/Vivado/chacha1/chacha1.srcs/constrs_1/new/clock1.xdc]
INFO: [Opt 31-138] Pushed 0 inverter(s) to 0 load pin(s).
Netlist sorting complete. Time (s): cpu = 00:00:00 ; elapsed = 00:00:00.001 . Memory (MB): peak = 682.566 ; gain = 0.000
INFO: [Project 1-111] Unisim Transformation Summary:
No Unisim elements were transformed.

7 Infos, 0 Warnings, 0 Critical Warnings and 0 Errors encountered.
link_design completed successfully
link_design: Time (s): cpu = 00:00:07 ; elapsed = 00:00:08 . Memory (MB): peak = 686.574 ; gain = 362.746
Command: opt_design
Attempting to get a license for feature 'Implementation' and/or device 'xc7z020'
INFO: [Common 17-349] Got license for feature 'Implementation' and/or device 'xc7z020'
Running DRC as a precondition to command opt_design

Starting DRC Task
INFO: [DRC 23-27] Running DRC with 2 threads
INFO: [Project 1-461] DRC finished with 0 Errors
INFO: [Project 1-462] Please refer to the DRC report (report_drc) for more information.

Time (s): cpu = 00:00:01 ; elapsed = 00:00:00.900 . Memory (MB): peak = 694.723 ; gain = 8.148

Starting Cache Timing Information Task
INFO: [Timing 38-35] Done setting XDC timing constraints.
Ending Cache Timing Information Task | Checksum: 1e9d1717f

Time (s): cpu = 00:00:10 ; elapsed = 00:00:16 . Memory (MB): peak = 1250.637 ; gain = 555.914

Starting Logic Optimization Task

Phase 1 Retarget
INFO: [Opt 31-138] Pushed 0 inverter(s) to 0 load pin(s).
INFO: [Opt 31-49] Retargeted 0 cell(s).
Phase 1 Retarget | Checksum: 1e9d1717f

Time (s): cpu = 00:00:00 ; elapsed = 00:00:00.869 . Memory (MB): peak = 1347.156 ; gain = 0.000
INFO: [Opt 31-389] Phase Retarget created 0 cells and removed 0 cells

Phase 2 Constant propagation
INFO: [Opt 31-138] Pushed 0 inverter(s) to 0 load pin(s).
Phase 2 Constant propagation | Checksum: 19cc7b1a1

Time (s): cpu = 00:00:00 ; elapsed = 00:00:01 . Memory (MB): peak = 1347.156 ; gain = 0.000
INFO: [Opt 31-389] Phase Constant propagation created 0 cells and removed 0 cells

Phase 3 Sweep
Phase 3 Sweep | Checksum: 1bf353d2e

Time (s): cpu = 00:00:01 ; elapsed = 00:00:01 . Memory (MB): peak = 1347.156 ; gain = 0.000
INFO: [Opt 31-389] Phase Sweep created 0 cells and removed 0 cells

Phase 4 BUFG optimization
Phase 4 BUFG optimization | Checksum: 1bf353d2e

Time (s): cpu = 00:00:01 ; elapsed = 00:00:02 . Memory (MB): peak = 1347.156 ; gain = 0.000
INFO: [Opt 31-662] Phase BUFG optimization created 0 cells of which 0 are BUFGs and removed 0 cells.

Phase 5 Shift Register Optimization
Phase 5 Shift Register Optimization | Checksum: 1c6644553

Time (s): cpu = 00:00:01 ; elapsed = 00:00:02 . Memory (MB): peak = 1347.156 ; gain = 0.000
INFO: [Opt 31-389] Phase Shift Register Optimization created 0 cells and removed 0 cells

Phase 6 Post Processing Netlist
Phase 6 Post Processing Netlist | Checksum: 1c6644553

Time (s): cpu = 00:00:01 ; elapsed = 00:00:02 . Memory (MB): peak = 1347.156 ; gain = 0.000
INFO: [Opt 31-389] Phase Post Processing Netlist created 0 cells and removed 0 cells
Opt_design Change Summary
=========================


-------------------------------------------------------------------------------------------------------------------------
|  Phase                        |  #Cells created  |  #Cells Removed  |  #Constrained objects preventing optimizations  |
-------------------------------------------------------------------------------------------------------------------------
|  Retarget                     |               0  |               0  |                                              0  |
|  Constant propagation         |               0  |               0  |                                              0  |
|  Sweep                        |               0  |               0  |                                              0  |
|  BUFG optimization            |               0  |               0  |                                              0  |
|  Shift Register Optimization  |               0  |               0  |                                              0  |
|  Post Processing Netlist      |               0  |               0  |                                              0  |
-------------------------------------------------------------------------------------------------------------------------



Starting Connectivity Check Task

Time (s): cpu = 00:00:00 ; elapsed = 00:00:00.008 . Memory (MB): peak = 1347.156 ; gain = 0.000
Ending Logic Optimization Task | Checksum: 1c6644553

Time (s): cpu = 00:00:01 ; elapsed = 00:00:02 . Memory (MB): peak = 1347.156 ; gain = 0.000

Starting Power Optimization Task
INFO: [Pwropt 34-132] Skipping clock gating for clocks with a period < 2.00 ns.
Ending Power Optimization Task | Checksum: 1c6644553

Time (s): cpu = 00:00:00 ; elapsed = 00:00:00.099 . Memory (MB): peak = 1347.156 ; gain = 0.000

Starting Final Cleanup Task
Ending Final Cleanup Task | Checksum: 1c6644553

Time (s): cpu = 00:00:00 ; elapsed = 00:00:00 . Memory (MB): peak = 1347.156 ; gain = 0.000

Starting Netlist Obfuscation Task
Netlist sorting complete. Time (s): cpu = 00:00:00 ; elapsed = 00:00:00.001 . Memory (MB): peak = 1347.156 ; gain = 0.000
Ending Netlist Obfuscation Task | Checksum: 1c6644553

Time (s): cpu = 00:00:00 ; elapsed = 00:00:00.001 . Memory (MB): peak = 1347.156 ; gain = 0.000
INFO: [Common 17-83] Releasing license: Implementation
23 Infos, 0 Warnings, 0 Critical Warnings and 0 Errors encountered.
opt_design completed successfully
opt_design: Time (s): cpu = 00:00:13 ; elapsed = 00:00:21 . Memory (MB): peak = 1347.156 ; gain = 660.582
Netlist sorting complete. Time (s): cpu = 00:00:00 ; elapsed = 00:00:00.001 . Memory (MB): peak = 1347.156 ; gain = 0.000
Writing placer database...
INFO: [Timing 38-480] Writing timing data to binary archive.
Writing XDEF routing.
Writing XDEF routing logical nets.
Writing XDEF routing special nets.
Write XDEF Complete: Time (s): cpu = 00:00:01 ; elapsed = 00:00:00.415 . Memory (MB): peak = 1347.156 ; gain = 0.000
Netlist sorting complete. Time (s): cpu = 00:00:00 ; elapsed = 00:00:00.001 . Memory (MB): peak = 1347.156 ; gain = 0.000
INFO: [Common 17-1381] The checkpoint 'C:/Users/utkar/Documents/ISE/Vivado/chacha1/chacha1.runs/impl_1/chacha_opt.dcp' has been generated.
INFO: [runtcl-4] Executing : report_drc -file chacha_drc_opted.rpt -pb chacha_drc_opted.pb -rpx chacha_drc_opted.rpx
Command: report_drc -file chacha_drc_opted.rpt -pb chacha_drc_opted.pb -rpx chacha_drc_opted.rpx
INFO: [IP_Flow 19-234] Refreshing IP repositories
INFO: [IP_Flow 19-1704] No user IP repositories specified
INFO: [IP_Flow 19-2313] Loaded Vivado IP repository 'C:/Xilinx/Vivado/2018.3/data/ip'.
INFO: [DRC 23-27] Running DRC with 2 threads
INFO: [Coretcl 2-168] The results of DRC are in file C:/Users/utkar/Documents/ISE/Vivado/chacha1/chacha1.runs/impl_1/chacha_drc_opted.rpt.
report_drc completed successfully
report_drc: Time (s): cpu = 00:00:05 ; elapsed = 00:00:08 . Memory (MB): peak = 1347.156 ; gain = 0.000
Command: place_design
Attempting to get a license for feature 'Implementation' and/or device 'xc7z020'
INFO: [Common 17-349] Got license for feature 'Implementation' and/or device 'xc7z020'
INFO: [DRC 23-27] Running DRC with 2 threads
INFO: [Vivado_Tcl 4-198] DRC finished with 0 Errors
INFO: [Vivado_Tcl 4-199] Please refer to the DRC report (report_drc) for more information.
Running DRC as a precondition to command place_design
INFO: [DRC 23-27] Running DRC with 2 threads
INFO: [Vivado_Tcl 4-198] DRC finished with 0 Errors
INFO: [Vivado_Tcl 4-199] Please refer to the DRC report (report_drc) for more information.

Starting Placer Task
INFO: [Place 30-611] Multithreading enabled for place_design using a maximum of 2 CPUs

Phase 1 Placer Initialization

Phase 1.1 Placer Initialization Netlist Sorting
Netlist sorting complete. Time (s): cpu = 00:00:00 ; elapsed = 00:00:00.001 . Memory (MB): peak = 1347.156 ; gain = 0.000
Phase 1.1 Placer Initialization Netlist Sorting | Checksum: 14f301b54

Time (s): cpu = 00:00:00 ; elapsed = 00:00:00.250 . Memory (MB): peak = 1347.156 ; gain = 0.000
Netlist sorting complete. Time (s): cpu = 00:00:00 ; elapsed = 00:00:00.001 . Memory (MB): peak = 1347.156 ; gain = 0.000

Phase 1.2 IO Placement/ Clock Placement/ Build Placer Device
INFO: [Timing 38-35] Done setting XDC timing constraints.
Phase 1.2 IO Placement/ Clock Placement/ Build Placer Device | Checksum: 81c298df

Time (s): cpu = 00:00:01 ; elapsed = 00:00:03 . Memory (MB): peak = 1360.230 ; gain = 13.074

Phase 1.3 Build Placer Netlist Model
Phase 1.3 Build Placer Netlist Model | Checksum: 17700893e

Time (s): cpu = 00:00:03 ; elapsed = 00:00:05 . Memory (MB): peak = 1376.609 ; gain = 29.453

Phase 1.4 Constrain Clocks/Macros
Phase 1.4 Constrain Clocks/Macros | Checksum: 17700893e

Time (s): cpu = 00:00:03 ; elapsed = 00:00:06 . Memory (MB): peak = 1376.609 ; gain = 29.453
Phase 1 Placer Initialization | Checksum: 17700893e

Time (s): cpu = 00:00:03 ; elapsed = 00:00:06 . Memory (MB): peak = 1376.609 ; gain = 29.453

Phase 2 Global Placement

Phase 2.1 Floorplanning
Phase 2.1 Floorplanning | Checksum: 116c68b03

Time (s): cpu = 00:00:03 ; elapsed = 00:00:06 . Memory (MB): peak = 1376.609 ; gain = 29.453

Phase 2.2 Physical Synthesis In Placer
INFO: [Physopt 32-65] No nets found for high-fanout optimization.
INFO: [Physopt 32-232] Optimized 0 net. Created 0 new instance.
INFO: [Physopt 32-775] End 1 Pass. Optimized 0 net or cell. Created 0 new cell, deleted 0 existing cell and moved 0 existing cell
INFO: [Physopt 32-670] No setup violation found.  DSP Register Optimization was not performed.
INFO: [Physopt 32-670] No setup violation found.  Shift Register Optimization was not performed.
INFO: [Physopt 32-670] No setup violation found.  BRAM Register Optimization was not performed.
INFO: [Physopt 32-949] No candidate nets found for HD net replication
INFO: [Physopt 32-775] End 1 Pass. Optimized 0 net or cell. Created 0 new cell, deleted 0 existing cell and moved 0 existing cell
Netlist sorting complete. Time (s): cpu = 00:00:00 ; elapsed = 00:00:00.002 . Memory (MB): peak = 1376.609 ; gain = 0.000

Summary of Physical Synthesis Optimizations
============================================


----------------------------------------------------------------------------------------------------------------------------------------
|  Optimization                  |  Added Cells  |  Removed Cells  |  Optimized Cells/Nets  |  Dont Touch  |  Iterations  |  Elapsed   |
----------------------------------------------------------------------------------------------------------------------------------------
|  Very High Fanout              |            0  |              0  |                     0  |           0  |           1  |  00:00:00  |
|  DSP Register                  |            0  |              0  |                     0  |           0  |           0  |  00:00:00  |
|  Shift Register                |            0  |              0  |                     0  |           0  |           0  |  00:00:00  |
|  BRAM Register                 |            0  |              0  |                     0  |           0  |           0  |  00:00:00  |
|  HD Interface Net Replication  |            0  |              0  |                     0  |           0  |           1  |  00:00:00  |
|  Total                         |            0  |              0  |                     0  |           0  |           2  |  00:00:00  |
----------------------------------------------------------------------------------------------------------------------------------------


Phase 2.2 Physical Synthesis In Placer | Checksum: 83a2c462

Time (s): cpu = 00:00:09 ; elapsed = 00:00:11 . Memory (MB): peak = 1376.609 ; gain = 29.453
Phase 2 Global Placement | Checksum: 10615925f

Time (s): cpu = 00:00:09 ; elapsed = 00:00:12 . Memory (MB): peak = 1376.609 ; gain = 29.453

Phase 3 Detail Placement

Phase 3.1 Commit Multi Column Macros
Phase 3.1 Commit Multi Column Macros | Checksum: 10615925f

Time (s): cpu = 00:00:09 ; elapsed = 00:00:12 . Memory (MB): peak = 1376.609 ; gain = 29.453

Phase 3.2 Commit Most Macros & LUTRAMs
Phase 3.2 Commit Most Macros & LUTRAMs | Checksum: 83d7843c

Time (s): cpu = 00:00:10 ; elapsed = 00:00:12 . Memory (MB): peak = 1376.609 ; gain = 29.453

Phase 3.3 Area Swap Optimization
Phase 3.3 Area Swap Optimization | Checksum: 721c2ae4

Time (s): cpu = 00:00:10 ; elapsed = 00:00:12 . Memory (MB): peak = 1376.609 ; gain = 29.453

Phase 3.4 Pipeline Register Optimization
Phase 3.4 Pipeline Register Optimization | Checksum: 74f90e2f

Time (s): cpu = 00:00:10 ; elapsed = 00:00:12 . Memory (MB): peak = 1376.609 ; gain = 29.453

Phase 3.5 Small Shape Detail Placement
Phase 3.5 Small Shape Detail Placement | Checksum: f4d00481

Time (s): cpu = 00:00:12 ; elapsed = 00:00:14 . Memory (MB): peak = 1376.609 ; gain = 29.453

Phase 3.6 Re-assign LUT pins
Phase 3.6 Re-assign LUT pins | Checksum: 17c3a4267

Time (s): cpu = 00:00:12 ; elapsed = 00:00:15 . Memory (MB): peak = 1376.609 ; gain = 29.453

Phase 3.7 Pipeline Register Optimization
Phase 3.7 Pipeline Register Optimization | Checksum: 181272734

Time (s): cpu = 00:00:12 ; elapsed = 00:00:15 . Memory (MB): peak = 1376.609 ; gain = 29.453
Phase 3 Detail Placement | Checksum: 181272734

Time (s): cpu = 00:00:12 ; elapsed = 00:00:15 . Memory (MB): peak = 1376.609 ; gain = 29.453

Phase 4 Post Placement Optimization and Clean-Up

Phase 4.1 Post Commit Optimization
INFO: [Timing 38-35] Done setting XDC timing constraints.

Phase 4.1.1 Post Placement Optimization
Post Placement Optimization Initialization | Checksum: 1bec96dfd

Phase 4.1.1.1 BUFG Insertion
INFO: [Place 46-33] Processed net core/reset_n, BUFG insertion was skipped due to placement/routing conflicts.
INFO: [Place 46-46] BUFG insertion identified 1 candidate nets, 0 success, 0 bufg driver replicated, 1 skipped for placement/routing, 0 skipped for timing, 0 skipped for netlist change reason
Phase 4.1.1.1 BUFG Insertion | Checksum: 1bec96dfd

Time (s): cpu = 00:00:14 ; elapsed = 00:00:16 . Memory (MB): peak = 1382.715 ; gain = 35.559
INFO: [Place 30-746] Post Placement Timing Summary WNS=1.134. For the most accurate timing information please run report_timing.
Phase 4.1.1 Post Placement Optimization | Checksum: 205928f40

Time (s): cpu = 00:00:14 ; elapsed = 00:00:16 . Memory (MB): peak = 1382.715 ; gain = 35.559
Phase 4.1 Post Commit Optimization | Checksum: 205928f40

Time (s): cpu = 00:00:14 ; elapsed = 00:00:16 . Memory (MB): peak = 1382.715 ; gain = 35.559

Phase 4.2 Post Placement Cleanup
Phase 4.2 Post Placement Cleanup | Checksum: 205928f40

Time (s): cpu = 00:00:14 ; elapsed = 00:00:16 . Memory (MB): peak = 1382.715 ; gain = 35.559

Phase 4.3 Placer Reporting
Phase 4.3 Placer Reporting | Checksum: 205928f40

Time (s): cpu = 00:00:14 ; elapsed = 00:00:16 . Memory (MB): peak = 1382.715 ; gain = 35.559

Phase 4.4 Final Placement Cleanup
Netlist sorting complete. Time (s): cpu = 00:00:00 ; elapsed = 00:00:00.003 . Memory (MB): peak = 1382.715 ; gain = 0.000
Phase 4.4 Final Placement Cleanup | Checksum: 1c114901d

Time (s): cpu = 00:00:14 ; elapsed = 00:00:16 . Memory (MB): peak = 1382.715 ; gain = 35.559
Phase 4 Post Placement Optimization and Clean-Up | Checksum: 1c114901d

Time (s): cpu = 00:00:14 ; elapsed = 00:00:16 . Memory (MB): peak = 1382.715 ; gain = 35.559
Ending Placer Task | Checksum: 1024d1906

Time (s): cpu = 00:00:14 ; elapsed = 00:00:16 . Memory (MB): peak = 1382.715 ; gain = 35.559
INFO: [Common 17-83] Releasing license: Implementation
53 Infos, 0 Warnings, 0 Critical Warnings and 0 Errors encountered.
place_design completed successfully
place_design: Time (s): cpu = 00:00:16 ; elapsed = 00:00:17 . Memory (MB): peak = 1382.715 ; gain = 35.559
Netlist sorting complete. Time (s): cpu = 00:00:00 ; elapsed = 00:00:00.001 . Memory (MB): peak = 1382.715 ; gain = 0.000
INFO: [Timing 38-480] Writing timing data to binary archive.
Writing placer database...
Netlist sorting complete. Time (s): cpu = 00:00:00 ; elapsed = 00:00:00.002 . Memory (MB): peak = 1390.328 ; gain = 0.000
Writing XDEF routing.
Writing XDEF routing logical nets.
Writing XDEF routing special nets.
Write XDEF Complete: Time (s): cpu = 00:00:01 ; elapsed = 00:00:00.389 . Memory (MB): peak = 1390.328 ; gain = 7.613
INFO: [Common 17-1381] The checkpoint 'C:/Users/utkar/Documents/ISE/Vivado/chacha1/chacha1.runs/impl_1/chacha_placed.dcp' has been generated.
INFO: [runtcl-4] Executing : report_io -file chacha_io_placed.rpt
report_io: Time (s): cpu = 00:00:00 ; elapsed = 00:00:00.138 . Memory (MB): peak = 1390.328 ; gain = 0.000
INFO: [runtcl-4] Executing : report_utilization -file chacha_utilization_placed.rpt -pb chacha_utilization_placed.pb
INFO: [runtcl-4] Executing : report_control_sets -verbose -file chacha_control_sets_placed.rpt
report_control_sets: Time (s): cpu = 00:00:00 ; elapsed = 00:00:00.037 . Memory (MB): peak = 1390.328 ; gain = 0.000
Command: route_design
Attempting to get a license for feature 'Implementation' and/or device 'xc7z020'
INFO: [Common 17-349] Got license for feature 'Implementation' and/or device 'xc7z020'
Running DRC as a precondition to command route_design
INFO: [DRC 23-27] Running DRC with 2 threads
INFO: [Vivado_Tcl 4-198] DRC finished with 0 Errors
INFO: [Vivado_Tcl 4-199] Please refer to the DRC report (report_drc) for more information.


Starting Routing Task
INFO: [Route 35-254] Multithreading enabled for route_design using a maximum of 2 CPUs
Checksum: PlaceDB: e4159b78 ConstDB: 0 ShapeSum: 1e377d8e RouteDB: 0

Phase 1 Build RT Design
Phase 1 Build RT Design | Checksum: ce7ab775

Time (s): cpu = 00:00:40 ; elapsed = 00:00:39 . Memory (MB): peak = 1524.113 ; gain = 133.785
Post Restoration Checksum: NetGraph: 16a828c2 NumContArr: b7d28eb3 Constraints: 0 Timing: 0

Phase 2 Router Initialization

Phase 2.1 Create Timer
Phase 2.1 Create Timer | Checksum: ce7ab775

Time (s): cpu = 00:00:40 ; elapsed = 00:00:40 . Memory (MB): peak = 1556.391 ; gain = 166.063

Phase 2.2 Fix Topology Constraints
Phase 2.2 Fix Topology Constraints | Checksum: ce7ab775

Time (s): cpu = 00:00:40 ; elapsed = 00:00:40 . Memory (MB): peak = 1563.148 ; gain = 172.820

Phase 2.3 Pre Route Cleanup
Phase 2.3 Pre Route Cleanup | Checksum: ce7ab775

Time (s): cpu = 00:00:40 ; elapsed = 00:00:40 . Memory (MB): peak = 1563.148 ; gain = 172.820
 Number of Nodes with overlaps = 0

Phase 2.4 Update Timing
Phase 2.4 Update Timing | Checksum: 7fda7b54

Time (s): cpu = 00:00:42 ; elapsed = 00:00:42 . Memory (MB): peak = 1572.813 ; gain = 182.484
INFO: [Route 35-416] Intermediate Timing Summary | WNS=1.189  | TNS=0.000  | WHS=-0.143 | THS=-13.948|

Phase 2 Router Initialization | Checksum: c138420c

Time (s): cpu = 00:00:42 ; elapsed = 00:00:43 . Memory (MB): peak = 1575.145 ; gain = 184.816

Phase 3 Initial Routing
Phase 3 Initial Routing | Checksum: 266ec39cf

Time (s): cpu = 00:00:44 ; elapsed = 00:00:44 . Memory (MB): peak = 1581.414 ; gain = 191.086

Phase 4 Rip-up And Reroute

Phase 4.1 Global Iteration 0
 Number of Nodes with overlaps = 1228
 Number of Nodes with overlaps = 434
 Number of Nodes with overlaps = 212
 Number of Nodes with overlaps = 101
 Number of Nodes with overlaps = 53
 Number of Nodes with overlaps = 45
 Number of Nodes with overlaps = 22
 Number of Nodes with overlaps = 10
 Number of Nodes with overlaps = 7
 Number of Nodes with overlaps = 4
 Number of Nodes with overlaps = 3
 Number of Nodes with overlaps = 1
 Number of Nodes with overlaps = 0
INFO: [Route 35-416] Intermediate Timing Summary | WNS=0.481  | TNS=0.000  | WHS=N/A    | THS=N/A    |

Phase 4.1 Global Iteration 0 | Checksum: 5b258d21

Time (s): cpu = 00:01:09 ; elapsed = 00:01:03 . Memory (MB): peak = 1582.422 ; gain = 192.094
Phase 4 Rip-up And Reroute | Checksum: 5b258d21

Time (s): cpu = 00:01:09 ; elapsed = 00:01:03 . Memory (MB): peak = 1582.422 ; gain = 192.094

Phase 5 Delay and Skew Optimization

Phase 5.1 Delay CleanUp

Phase 5.1.1 Update Timing
Phase 5.1.1 Update Timing | Checksum: e9a8034b

Time (s): cpu = 00:01:10 ; elapsed = 00:01:03 . Memory (MB): peak = 1582.422 ; gain = 192.094
INFO: [Route 35-416] Intermediate Timing Summary | WNS=0.596  | TNS=0.000  | WHS=N/A    | THS=N/A    |

Phase 5.1 Delay CleanUp | Checksum: e9a8034b

Time (s): cpu = 00:01:10 ; elapsed = 00:01:03 . Memory (MB): peak = 1582.422 ; gain = 192.094

Phase 5.2 Clock Skew Optimization
Phase 5.2 Clock Skew Optimization | Checksum: e9a8034b

Time (s): cpu = 00:01:10 ; elapsed = 00:01:03 . Memory (MB): peak = 1582.422 ; gain = 192.094
Phase 5 Delay and Skew Optimization | Checksum: e9a8034b

Time (s): cpu = 00:01:10 ; elapsed = 00:01:03 . Memory (MB): peak = 1582.422 ; gain = 192.094

Phase 6 Post Hold Fix

Phase 6.1 Hold Fix Iter

Phase 6.1.1 Update Timing
Phase 6.1.1 Update Timing | Checksum: 901a56e2

Time (s): cpu = 00:01:10 ; elapsed = 00:01:03 . Memory (MB): peak = 1582.422 ; gain = 192.094
INFO: [Route 35-416] Intermediate Timing Summary | WNS=0.596  | TNS=0.000  | WHS=0.119  | THS=0.000  |

Phase 6.1 Hold Fix Iter | Checksum: e2bc22d7

Time (s): cpu = 00:01:10 ; elapsed = 00:01:03 . Memory (MB): peak = 1582.422 ; gain = 192.094
Phase 6 Post Hold Fix | Checksum: e2bc22d7

Time (s): cpu = 00:01:10 ; elapsed = 00:01:03 . Memory (MB): peak = 1582.422 ; gain = 192.094

Phase 7 Route finalize

Router Utilization Summary
  Global Vertical Routing Utilization    = 1.31583 %
  Global Horizontal Routing Utilization  = 1.52426 %
  Routable Net Status*
  *Does not include unroutable nets such as driverless and loadless.
  Run report_route_status for detailed report.
  Number of Failed Nets               = 0
  Number of Unrouted Nets             = 0
  Number of Partially Routed Nets     = 0
  Number of Node Overlaps             = 0

Phase 7 Route finalize | Checksum: 107c0bf7c

Time (s): cpu = 00:01:10 ; elapsed = 00:01:03 . Memory (MB): peak = 1582.422 ; gain = 192.094

Phase 8 Verifying routed nets

 Verification completed successfully
Phase 8 Verifying routed nets | Checksum: 107c0bf7c

Time (s): cpu = 00:01:10 ; elapsed = 00:01:03 . Memory (MB): peak = 1582.422 ; gain = 192.094

Phase 9 Depositing Routes
Phase 9 Depositing Routes | Checksum: 128634dd4

Time (s): cpu = 00:01:10 ; elapsed = 00:01:04 . Memory (MB): peak = 1582.422 ; gain = 192.094

Phase 10 Post Router Timing
INFO: [Route 35-57] Estimated Timing Summary | WNS=0.596  | TNS=0.000  | WHS=0.119  | THS=0.000  |

INFO: [Route 35-327] The final timing numbers are based on the router estimated timing analysis. For a complete and accurate timing signoff, please run report_timing_summary.
Phase 10 Post Router Timing | Checksum: 128634dd4

Time (s): cpu = 00:01:10 ; elapsed = 00:01:04 . Memory (MB): peak = 1582.422 ; gain = 192.094
INFO: [Route 35-16] Router Completed Successfully

Time (s): cpu = 00:01:10 ; elapsed = 00:01:04 . Memory (MB): peak = 1582.422 ; gain = 192.094

Routing Is Done.
INFO: [Common 17-83] Releasing license: Implementation
71 Infos, 0 Warnings, 0 Critical Warnings and 0 Errors encountered.
route_design completed successfully
route_design: Time (s): cpu = 00:01:12 ; elapsed = 00:01:05 . Memory (MB): peak = 1582.422 ; gain = 192.094
Netlist sorting complete. Time (s): cpu = 00:00:00 ; elapsed = 00:00:00.002 . Memory (MB): peak = 1582.422 ; gain = 0.000
INFO: [Timing 38-480] Writing timing data to binary archive.
Writing placer database...
Netlist sorting complete. Time (s): cpu = 00:00:00 ; elapsed = 00:00:00.002 . Memory (MB): peak = 1582.422 ; gain = 0.000
Writing XDEF routing.
Writing XDEF routing logical nets.
Writing XDEF routing special nets.
Write XDEF Complete: Time (s): cpu = 00:00:02 ; elapsed = 00:00:00.689 . Memory (MB): peak = 1582.422 ; gain = 0.000
INFO: [Common 17-1381] The checkpoint 'C:/Users/utkar/Documents/ISE/Vivado/chacha1/chacha1.runs/impl_1/chacha_routed.dcp' has been generated.
INFO: [runtcl-4] Executing : report_drc -file chacha_drc_routed.rpt -pb chacha_drc_routed.pb -rpx chacha_drc_routed.rpx
Command: report_drc -file chacha_drc_routed.rpt -pb chacha_drc_routed.pb -rpx chacha_drc_routed.rpx
INFO: [IP_Flow 19-1839] IP Catalog is up to date.
INFO: [DRC 23-27] Running DRC with 2 threads
INFO: [Coretcl 2-168] The results of DRC are in file C:/Users/utkar/Documents/ISE/Vivado/chacha1/chacha1.runs/impl_1/chacha_drc_routed.rpt.
report_drc completed successfully
INFO: [runtcl-4] Executing : report_methodology -file chacha_methodology_drc_routed.rpt -pb chacha_methodology_drc_routed.pb -rpx chacha_methodology_drc_routed.rpx
Command: report_methodology -file chacha_methodology_drc_routed.rpt -pb chacha_methodology_drc_routed.pb -rpx chacha_methodology_drc_routed.rpx
INFO: [Timing 38-35] Done setting XDC timing constraints.
INFO: [DRC 23-133] Running Methodology with 2 threads
INFO: [Coretcl 2-1520] The results of Report Methodology are in file C:/Users/utkar/Documents/ISE/Vivado/chacha1/chacha1.runs/impl_1/chacha_methodology_drc_routed.rpt.
report_methodology completed successfully
INFO: [runtcl-4] Executing : report_power -file chacha_power_routed.rpt -pb chacha_power_summary_routed.pb -rpx chacha_power_routed.rpx
Command: report_power -file chacha_power_routed.rpt -pb chacha_power_summary_routed.pb -rpx chacha_power_routed.rpx
INFO: [Timing 38-35] Done setting XDC timing constraints.
Running Vector-less Activity Propagation...

Finished Running Vector-less Activity Propagation
83 Infos, 0 Warnings, 0 Critical Warnings and 0 Errors encountered.
report_power completed successfully
INFO: [runtcl-4] Executing : report_route_status -file chacha_route_status.rpt -pb chacha_route_status.pb
INFO: [runtcl-4] Executing : report_timing_summary -max_paths 10 -file chacha_timing_summary_routed.rpt -pb chacha_timing_summary_routed.pb -rpx chacha_timing_summary_routed.rpx -warn_on_violation 
INFO: [Timing 38-91] UpdateTimingParams: Speed grade: -1, Delay Type: min_max.
INFO: [Timing 38-191] Multithreading enabled for timing update using a maximum of 2 CPUs
INFO: [runtcl-4] Executing : report_incremental_reuse -file chacha_incremental_reuse_routed.rpt
INFO: [Vivado_Tcl 4-1062] Incremental flow is disabled. No incremental reuse Info to report.
INFO: [runtcl-4] Executing : report_clock_utilization -file chacha_clock_utilization_routed.rpt
INFO: [runtcl-4] Executing : report_bus_skew -warn_on_violation -file chacha_bus_skew_routed.rpt -pb chacha_bus_skew_routed.pb -rpx chacha_bus_skew_routed.rpx
INFO: [Timing 38-91] UpdateTimingParams: Speed grade: -1, Delay Type: min_max.
INFO: [Timing 38-191] Multithreading enabled for timing update using a maximum of 2 CPUs
INFO: [Common 17-206] Exiting Vivado at Tue Jul  2 12:02:04 2019...
